<?xml version="1.0" encoding="UTF-8"?>
<!-- Generated by org.testng.reporters.JUnitXMLReporter -->
<testsuite hostname="U6064273-TPL-A" ignored="0" name="Default test" tests="3" failures="0" timestamp="10 Feb 2019 11:18:05 GMT" time="73.12" errors="0">
  <testcase name="validateCreateNewContact" time="5.697" classname="com.crm.qa.tests.ContactsPageTest"/>
  <testcase name="validateCreateNewContact" time="5.532" classname="com.crm.qa.tests.ContactsPageTest"/>
  <testcase name="validateCreateNewContact" time="5.329" classname="com.crm.qa.tests.ContactsPageTest"/>
</testsuite> <!-- Default test -->
