<?xml version="1.0" encoding="UTF-8"?>
<!-- Generated by org.testng.reporters.JUnitXMLReporter -->
<testsuite hostname="U6064273-TPL-A" ignored="0" name="Test" tests="9" failures="0" timestamp="10 Feb 2019 05:25:07 GMT" time="126.93" errors="0">
  <testcase name="validateCRMtitle" time="0.075" classname="com.crm.qa.tests.LoginPageTest"/>
  <testcase name="validateContactsPageTitle" time="0.012" classname="com.crm.qa.tests.ContactsPageTest"/>
  <testcase name="validateCRMImage" time="0.039" classname="com.crm.qa.tests.LoginPageTest"/>
  <testcase name="validateUserLabel" time="0.091" classname="com.crm.qa.tests.HomePageTest"/>
  <testcase name="validateSingleContactClick" time="11.267" classname="com.crm.qa.tests.ContactsPageTest"/>
  <testcase name="validateLoginCredentilas" time="5.649" classname="com.crm.qa.tests.LoginPageTest"/>
  <testcase name="validateContactsLink" time="0.079" classname="com.crm.qa.tests.HomePageTest"/>
  <testcase name="validateDealsLink" time="0.077" classname="com.crm.qa.tests.HomePageTest"/>
  <testcase name="validateTasksLink" time="0.078" classname="com.crm.qa.tests.HomePageTest"/>
</testsuite> <!-- Test -->
